\BOOKMARK [1][-]{section.1}{\376\377\000\123\000\171\000\156\000\157\000\160\000\163\000\151\000\163\000\040\000\157\000\146\000\040\000\164\000\150\000\145\000\040\000\160\000\162\000\157\000\152\000\145\000\143\000\164}{}% 1
\BOOKMARK [2][-]{subsection.1.1}{\376\377\000\104\000\145\000\155\000\141\000\156\000\144\000\040\000\157\000\146\000\040\000\164\000\150\000\145\000\040\000\160\000\162\000\157\000\152\000\145\000\143\000\164}{section.1}% 2
\BOOKMARK [2][-]{subsection.1.2}{\376\377\000\120\000\165\000\162\000\160\000\157\000\163\000\145\000\040\000\157\000\146\000\040\000\164\000\150\000\145\000\040\000\160\000\162\000\157\000\152\000\145\000\143\000\164}{section.1}% 3
\BOOKMARK [1][-]{section.2}{\376\377\000\105\000\156\000\166\000\151\000\162\000\157\000\156\000\155\000\145\000\156\000\164\000\040\000\157\000\146\000\040\000\164\000\150\000\145\000\040\000\160\000\162\000\157\000\152\000\145\000\143\000\164}{}% 4
\BOOKMARK [1][-]{section.3}{\376\377\000\111\000\155\000\160\000\154\000\145\000\155\000\145\000\156\000\164\000\141\000\164\000\151\000\157\000\156\000\040\000\160\000\162\000\157\000\143\000\145\000\163\000\163\000\040\000\157\000\146\000\040\000\164\000\150\000\145\000\040\000\160\000\162\000\157\000\152\000\145\000\143\000\164}{}% 5
\BOOKMARK [2][-]{subsection.3.1}{\376\377\000\142\000\151\000\164\000\101\000\156\000\144}{section.3}% 6
\BOOKMARK [2][-]{subsection.3.2}{\376\377\000\147\000\145\000\164\000\102\000\171\000\164\000\145}{section.3}% 7
\BOOKMARK [2][-]{subsection.3.3}{\376\377\000\154\000\157\000\147\000\151\000\143\000\141\000\154\000\123\000\150\000\151\000\146\000\164}{section.3}% 8
\BOOKMARK [2][-]{subsection.3.4}{\376\377\000\142\000\151\000\164\000\103\000\157\000\165\000\156\000\164}{section.3}% 9
\BOOKMARK [2][-]{subsection.3.5}{\376\377\000\142\000\141\000\156\000\147}{section.3}% 10
\BOOKMARK [2][-]{subsection.3.6}{\376\377\000\164\000\155\000\151\000\156}{section.3}% 11
\BOOKMARK [2][-]{subsection.3.7}{\376\377\000\146\000\151\000\164\000\163\000\102\000\151\000\164\000\163}{section.3}% 12
\BOOKMARK [2][-]{subsection.3.8}{\376\377\000\144\000\151\000\166\000\160\000\167\000\162\000\062}{section.3}% 13
\BOOKMARK [2][-]{subsection.3.9}{\376\377\000\156\000\145\000\147\000\141\000\164\000\145}{section.3}% 14
\BOOKMARK [2][-]{subsection.3.10}{\376\377\000\151\000\163\000\120\000\157\000\163\000\151\000\164\000\151\000\166\000\145}{section.3}% 15
\BOOKMARK [2][-]{subsection.3.11}{\376\377\000\151\000\163\000\114\000\145\000\163\000\163\000\117\000\162\000\105\000\161\000\165\000\141\000\154}{section.3}% 16
\BOOKMARK [2][-]{subsection.3.12}{\376\377\000\151\000\154\000\157\000\147\000\062}{section.3}% 17
\BOOKMARK [2][-]{subsection.3.13}{\376\377\000\146\000\154\000\157\000\141\000\164\000\040\000\156\000\145\000\147}{section.3}% 18
\BOOKMARK [2][-]{subsection.3.14}{\376\377\000\146\000\154\000\157\000\141\000\164\000\040\000\151\000\062\000\146}{section.3}% 19
\BOOKMARK [2][-]{subsection.3.15}{\376\377\000\146\000\154\000\157\000\141\000\164\000\040\000\164\000\167\000\151\000\143\000\145}{section.3}% 20
\BOOKMARK [1][-]{section.4}{\376\377\000\122\000\145\000\166\000\151\000\145\000\167\000\040\000\157\000\146\000\040\000\164\000\150\000\145\000\040\000\160\000\162\000\157\000\152\000\145\000\143\000\164}{}% 21
\BOOKMARK [1][-]{section.5}{\376\377\000\122\000\145\000\146\000\145\000\162\000\145\000\156\000\143\000\145}{}% 22
