\BOOKMARK [1][-]{section.1}{\376\377\000\120\000\162\000\145\000\153\000\156\000\157\000\167\000\154\000\145\000\144\000\147\000\145}{}% 1
\BOOKMARK [1][-]{section.2}{\376\377\000\120\000\141\000\162\000\164\000\040\000\101}{}% 2
\BOOKMARK [2][-]{subsection.2.1}{\376\377\000\104\000\145\000\163\000\143\000\162\000\151\000\160\000\164\000\151\000\157\000\156}{section.2}% 3
\BOOKMARK [2][-]{subsection.2.2}{\376\377\000\123\000\157\000\154\000\165\000\164\000\151\000\157\000\156}{section.2}% 4
\BOOKMARK [2][-]{subsection.2.3}{\376\377\000\101\000\156\000\141\000\154\000\171\000\163\000\151\000\163}{section.2}% 5
\BOOKMARK [3][-]{subsubsection.2.3.1}{\376\377\000\163\000\165\000\155\000\056\000\171\000\163}{subsection.2.3}% 6
\BOOKMARK [3][-]{subsubsection.2.3.2}{\376\377\000\162\000\163\000\165\000\155\000\056\000\171\000\163}{subsection.2.3}% 7
\BOOKMARK [3][-]{subsubsection.2.3.3}{\376\377\000\143\000\157\000\160\000\171\000\056\000\171\000\163}{subsection.2.3}% 8
\BOOKMARK [2][-]{subsection.2.4}{\376\377\000\117\000\165\000\164\000\143\000\157\000\155\000\145}{section.2}% 9
\BOOKMARK [1][-]{section.3}{\376\377\000\120\000\141\000\162\000\164\000\040\000\102}{}% 10
\BOOKMARK [2][-]{subsection.3.1}{\376\377\000\104\000\145\000\163\000\143\000\162\000\151\000\160\000\164\000\151\000\157\000\156}{section.3}% 11
\BOOKMARK [2][-]{subsection.3.2}{\376\377\000\123\000\157\000\154\000\165\000\164\000\151\000\157\000\156}{section.3}% 12
\BOOKMARK [2][-]{subsection.3.3}{\376\377\000\101\000\156\000\141\000\154\000\171\000\163\000\151\000\163}{section.3}% 13
\BOOKMARK [2][-]{subsection.3.4}{\376\377\000\117\000\165\000\164\000\143\000\157\000\155\000\145}{section.3}% 14
\BOOKMARK [1][-]{section.4}{\376\377\000\120\000\141\000\162\000\164\000\040\000\103}{}% 15
\BOOKMARK [2][-]{subsection.4.1}{\376\377\000\104\000\145\000\163\000\143\000\162\000\151\000\160\000\164\000\151\000\157\000\156}{section.4}% 16
\BOOKMARK [2][-]{subsection.4.2}{\376\377\000\123\000\157\000\154\000\165\000\164\000\151\000\157\000\156}{section.4}% 17
\BOOKMARK [2][-]{subsection.4.3}{\376\377\000\101\000\156\000\141\000\154\000\171\000\163\000\151\000\163}{section.4}% 18
\BOOKMARK [3][-]{subsubsection.4.3.1}{\376\377\000\156\000\143\000\157\000\160\000\171\000\056\000\171\000\163}{subsection.4.3}% 19
\BOOKMARK [3][-]{subsubsection.4.3.2}{\376\377\000\160\000\151\000\160\000\145\000\055\000\146\000\165\000\154\000\154\000\056\000\150\000\143\000\154}{subsection.4.3}% 20
\BOOKMARK [2][-]{subsection.4.4}{\376\377\000\117\000\165\000\164\000\143\000\157\000\155\000\145}{section.4}% 21
\BOOKMARK [1][-]{section.5}{\376\377\000\124\000\141\000\163\000\153\000\040\000\101\000\163\000\163\000\151\000\147\000\156\000\155\000\145\000\156\000\164\000\163}{}% 22
